tensor([[[[-1.5762e-01, -1.5160e-01,  1.7989e-01,  1.7045e-01, -1.0036e-01],
          [-1.7901e-01, -7.3331e-02,  1.0205e-01,  1.1728e-01,  6.0992e-02],
          [ 1.1975e-01, -1.8102e-01, -1.5933e-01, -1.0412e-01, -5.2342e-02],
          [-5.7673e-02,  7.2593e-02, -7.0144e-02,  6.3706e-02,  2.6148e-02],
          [ 8.9178e-02, -1.2595e-03, -1.0369e-01,  1.1958e-01,  2.8278e-02]]],


        [[[-3.7806e-02, -8.0846e-02,  1.7426e-01, -1.5012e-01,  2.7759e-02],
          [ 3.5599e-02,  1.7633e-01, -1.4236e-02, -9.6774e-02, -1.1300e-01],
          [-6.4713e-02,  1.3154e-01, -1.6040e-01, -9.9283e-02,  1.9439e-01],
          [-3.0105e-02, -1.8818e-01,  5.2741e-02,  8.9752e-02,  6.0080e-02],
          [ 1.4853e-01,  1.7704e-01, -1.8760e-01, -4.2233e-02,  1.6121e-01]]],


        [[[ 3.0184e-02, -8.0292e-02, -6.6506e-02,  1.2268e-01,  5.3375e-02],
          [ 1.3613e-01,  1.4029e-01, -1.0736e-02,  1.4425e-01,  7.8573e-02],
          [-1.2707e-01,  5.3855e-02,  3.2068e-02,  1.4901e-01,  1.7212e-01],
          [-7.9826e-05, -1.2180e-03, -6.5672e-03,  9.5774e-02, -1.2098e-01],
          [-8.9051e-02,  6.5784e-02,  7.5821e-02,  1.8411e-01, -1.9134e-01]]],


        [[[-5.7723e-02, -1.9046e-01,  2.3335e-02,  1.1456e-01,  5.3540e-02],
          [-2.0902e-02,  5.1490e-02, -9.9675e-02,  1.8726e-01,  1.2059e-01],
          [ 5.6395e-02,  1.1130e-01, -9.9053e-02, -1.4778e-01,  1.1396e-01],
          [-8.8645e-02, -1.1721e-02,  1.8507e-01,  1.2634e-01,  1.2534e-01],
          [ 5.1103e-02, -9.0219e-02,  1.4648e-01,  1.6962e-01, -1.6137e-01]]],


        [[[ 1.6344e-01, -1.7078e-01, -6.3901e-03, -2.9056e-02,  8.6218e-02],
          [ 2.3204e-02, -3.8674e-02,  7.2221e-02,  8.3192e-02, -8.8160e-02],
          [-9.1292e-02,  5.4907e-02, -5.0024e-02, -1.2953e-01,  1.2628e-01],
          [ 9.8487e-03,  2.9418e-02,  1.1223e-01, -1.2335e-01,  2.4406e-02],
          [ 1.3337e-01,  1.7704e-01,  1.9755e-01,  7.1580e-02,  1.6835e-01]]],


        [[[ 1.8395e-02, -1.4726e-01, -1.2642e-01, -1.2145e-01,  8.6280e-02],
          [ 1.0409e-01, -1.0443e-01, -1.1266e-01,  1.6963e-01,  7.2333e-02],
          [ 1.6178e-01,  3.5119e-02,  1.6885e-01,  6.2132e-02,  1.8052e-01],
          [ 1.4604e-01,  1.4495e-01, -8.9433e-02,  6.4830e-02, -1.3764e-01],
          [-4.8374e-03, -3.8547e-03, -1.8985e-01, -4.7319e-02,  7.0776e-02]]]],
       requires_grad=True)
tensor([[[[ 0.0640,  0.0399,  0.0216, -0.0129, -0.0468],
          [-0.0401, -0.0153,  0.0500,  0.0806,  0.0506],
          [ 0.0909,  0.0529,  0.0612, -0.0407, -0.0148],
          [-0.0587,  0.0231, -0.0870,  0.0341, -0.0047],
          [-0.0206, -0.0340,  0.0333, -0.0631, -0.0211]]],


        [[[-0.0419,  0.0110, -0.0013, -0.0068, -0.0013],
          [-0.0018,  0.1015,  0.0058, -0.0259,  0.0386],
          [ 0.0749,  0.0296,  0.0009, -0.0114,  0.0212],
          [-0.0385, -0.0354, -0.0035, -0.0276,  0.0029],
          [ 0.0168, -0.0013, -0.0030, -0.0266,  0.0670]]],


        [[[ 0.0030,  0.0384, -0.0626, -0.0327, -0.0513],
          [ 0.0934, -0.0157,  0.0021,  0.0103,  0.0376],
          [-0.0486,  0.0053,  0.0447, -0.0226, -0.0133],
          [ 0.0300,  0.0316,  0.0083,  0.0507,  0.0514],
          [-0.0298,  0.0301, -0.0714,  0.0510, -0.0353]]],


        [[[-0.0020, -0.0232, -0.0318, -0.0202, -0.1019],
          [ 0.0290,  0.0964,  0.0294, -0.0086, -0.0504],
          [ 0.0053,  0.0311, -0.0311,  0.0550,  0.0542],
          [ 0.0398, -0.0273, -0.0044,  0.0327, -0.0373],
          [-0.0534,  0.0985, -0.0266,  0.0239, -0.0005]]],


        [[[ 0.0217, -0.0135, -0.0565,  0.0655, -0.0376],
          [-0.0215,  0.0954, -0.0267, -0.0056,  0.0003],
          [-0.0720,  0.0215, -0.0350,  0.0164,  0.0160],
          [ 0.0262, -0.0270, -0.0349,  0.0835,  0.0183],
          [-0.0113,  0.0289,  0.0700, -0.0536, -0.0117]]],


        [[[ 0.0321, -0.0777, -0.0736,  0.0230, -0.0061],
          [ 0.0617, -0.0253, -0.0091, -0.0433,  0.0597],
          [ 0.0080, -0.0168, -0.0603,  0.0125,  0.0665],
          [ 0.0213, -0.0268, -0.0697, -0.0278,  0.0307],
          [ 0.0087, -0.0464, -0.0014,  0.0229, -0.0347]]]])