tensor([[[[-1.5762e-01, -1.5160e-01,  1.7989e-01,  1.7045e-01, -1.0036e-01],
          [-1.7901e-01, -7.3331e-02,  1.0205e-01,  1.1728e-01,  6.0992e-02],
          [ 1.1975e-01, -1.8102e-01, -1.5933e-01, -1.0412e-01, -5.2342e-02],
          [-5.7673e-02,  7.2593e-02, -7.0144e-02,  6.3706e-02,  2.6148e-02],
          [ 8.9178e-02, -1.2595e-03, -1.0369e-01,  1.1958e-01,  2.8278e-02]]],


        [[[-3.7806e-02, -8.0846e-02,  1.7426e-01, -1.5012e-01,  2.7759e-02],
          [ 3.5599e-02,  1.7633e-01, -1.4236e-02, -9.6774e-02, -1.1300e-01],
          [-6.4713e-02,  1.3154e-01, -1.6040e-01, -9.9283e-02,  1.9439e-01],
          [-3.0105e-02, -1.8818e-01,  5.2741e-02,  8.9752e-02,  6.0080e-02],
          [ 1.4853e-01,  1.7704e-01, -1.8760e-01, -4.2233e-02,  1.6121e-01]]],


        [[[ 3.0184e-02, -8.0292e-02, -6.6506e-02,  1.2268e-01,  5.3375e-02],
          [ 1.3613e-01,  1.4029e-01, -1.0736e-02,  1.4425e-01,  7.8573e-02],
          [-1.2707e-01,  5.3855e-02,  3.2068e-02,  1.4901e-01,  1.7212e-01],
          [-7.9826e-05, -1.2180e-03, -6.5672e-03,  9.5774e-02, -1.2098e-01],
          [-8.9051e-02,  6.5784e-02,  7.5821e-02,  1.8411e-01, -1.9134e-01]]],


        [[[-5.7723e-02, -1.9046e-01,  2.3335e-02,  1.1456e-01,  5.3540e-02],
          [-2.0902e-02,  5.1490e-02, -9.9675e-02,  1.8726e-01,  1.2059e-01],
          [ 5.6395e-02,  1.1130e-01, -9.9053e-02, -1.4778e-01,  1.1396e-01],
          [-8.8645e-02, -1.1721e-02,  1.8507e-01,  1.2634e-01,  1.2534e-01],
          [ 5.1103e-02, -9.0219e-02,  1.4648e-01,  1.6962e-01, -1.6137e-01]]],


        [[[ 1.6344e-01, -1.7078e-01, -6.3901e-03, -2.9056e-02,  8.6218e-02],
          [ 2.3204e-02, -3.8674e-02,  7.2221e-02,  8.3192e-02, -8.8160e-02],
          [-9.1292e-02,  5.4907e-02, -5.0024e-02, -1.2953e-01,  1.2628e-01],
          [ 9.8487e-03,  2.9418e-02,  1.1223e-01, -1.2335e-01,  2.4406e-02],
          [ 1.3337e-01,  1.7704e-01,  1.9755e-01,  7.1580e-02,  1.6835e-01]]],


        [[[ 1.8395e-02, -1.4726e-01, -1.2642e-01, -1.2145e-01,  8.6280e-02],
          [ 1.0409e-01, -1.0443e-01, -1.1266e-01,  1.6963e-01,  7.2333e-02],
          [ 1.6178e-01,  3.5119e-02,  1.6885e-01,  6.2132e-02,  1.8052e-01],
          [ 1.4604e-01,  1.4495e-01, -8.9433e-02,  6.4830e-02, -1.3764e-01],
          [-4.8374e-03, -3.8547e-03, -1.8985e-01, -4.7319e-02,  7.0776e-02]]]],
       requires_grad=True)
tensor([[[[0., 0., 0., 0., 0.],
          [0., 0., 0., 0., 0.],
          [0., 0., 0., 0., 0.],
          [0., 0., 0., 0., 0.],
          [0., 0., 0., 0., 0.]]],


        [[[0., 0., 0., 0., 0.],
          [0., 0., 0., 0., 0.],
          [0., 0., 0., 0., 0.],
          [0., 0., 0., 0., 0.],
          [0., 0., 0., 0., 0.]]],


        [[[0., 0., 0., 0., 0.],
          [0., 0., 0., 0., 0.],
          [0., 0., 0., 0., 0.],
          [0., 0., 0., 0., 0.],
          [0., 0., 0., 0., 0.]]],


        [[[0., 0., 0., 0., 0.],
          [0., 0., 0., 0., 0.],
          [0., 0., 0., 0., 0.],
          [0., 0., 0., 0., 0.],
          [0., 0., 0., 0., 0.]]],


        [[[0., 0., 0., 0., 0.],
          [0., 0., 0., 0., 0.],
          [0., 0., 0., 0., 0.],
          [0., 0., 0., 0., 0.],
          [0., 0., 0., 0., 0.]]],


        [[[0., 0., 0., 0., 0.],
          [0., 0., 0., 0., 0.],
          [0., 0., 0., 0., 0.],
          [0., 0., 0., 0., 0.],
          [0., 0., 0., 0., 0.]]]])